<?xml version="1.0" encoding="UTF-8"?>
<!-- Generated by org.testng.reporters.JUnitReportReporter -->
<testsuite hostname="DESKTOP-I9NAIU7" failures="0" tests="4" name="org.sample.Execution" time="6.514" errors="0" timestamp="2023-05-13T14:52:18 IST" skipped="0">
  <testcase classname="org.sample.Execution" name="tc0" time="0.660"/>
  <system-out/>
  <testcase classname="org.sample.Execution" name="tc0" time="0.965"/>
  <system-out/>
  <testcase classname="org.sample.Execution" name="tc0" time="1.028"/>
  <system-out/>
  <testcase classname="org.sample.Execution" name="tc0" time="3.861"/>
  <system-out/>
</testsuite> <!-- org.sample.Execution -->
