<?xml version="1.0" encoding="UTF-8"?>
<!-- Generated by org.testng.reporters.JUnitReportReporter -->
<testsuite hostname="DESKTOP-I9NAIU7" failures="0" tests="1" name="org.sample.ExecutionGet" time="2.616" errors="0" timestamp="2023-05-13T16:10:04 IST" skipped="0">
  <testcase classname="org.sample.ExecutionGet" name="tc01" time="2.616"/>
  <system-out/>
</testsuite> <!-- org.sample.ExecutionGet -->
