<?xml version="1.0" encoding="UTF-8"?>
<!-- Generated by org.testng.reporters.JUnitReportReporter -->
<testsuite hostname="DESKTOP-I9NAIU7" failures="0" tests="1" name="org.sample.ExecutionPut" time="0.827" errors="0" timestamp="2023-05-15T10:55:02 IST" skipped="0">
  <testcase classname="org.sample.ExecutionPut" name="tc01" time="0.827"/>
  <system-out/>
</testsuite> <!-- org.sample.ExecutionPut -->
