<?xml version="1.0" encoding="UTF-8"?>
<!-- Generated by org.testng.reporters.JUnitReportReporter -->
<testsuite hostname="DESKTOP-6KN58PQ" failures="0" tests="1" name="com.sample.ApiDemo" time="18.790" errors="0" timestamp="2023-12-08T15:32:45 IST" skipped="0">
  <testcase classname="com.sample.ApiDemo" name="launchApp" time="18.790"/>
</testsuite> <!-- com.sample.ApiDemo -->
