<?xml version="1.0" encoding="UTF-8"?>
<!-- Generated by org.testng.reporters.JUnitReportReporter -->
<testsuite hostname="DESKTOP-6KN58PQ" failures="0" tests="1" name="com.sample.AppLaunch" time="15.776" errors="0" timestamp="2023-10-17T11:33:15 IST" skipped="0">
  <testcase classname="com.sample.AppLaunch" name="openApp" time="15.776"/>
</testsuite> <!-- com.sample.AppLaunch -->
