<?xml version="1.0" encoding="UTF-8"?>
<!-- Generated by org.testng.reporters.JUnitReportReporter -->
<testsuite hostname="DESKTOP-6KN58PQ" failures="0" tests="1" name="com.sample.WdioDemo" time="13.966" errors="0" timestamp="2023-10-19T11:28:31 IST" skipped="0">
  <testcase classname="com.sample.WdioDemo" name="launchApp" time="13.966"/>
</testsuite> <!-- com.sample.WdioDemo -->
