<?xml version="1.0" encoding="UTF-8"?>
<!-- Generated by org.testng.reporters.JUnitReportReporter -->
<testsuite hostname="DESKTOP-6KN58PQ" failures="0" tests="1" name="com.sample.Calc" time="16.948" errors="0" timestamp="2023-10-16T16:47:54 IST" skipped="0">
  <testcase classname="com.sample.Calc" name="Sample1" time="16.948"/>
</testsuite> <!-- com.sample.Calc -->
