<?xml version="1.0" encoding="UTF-8"?>
<!-- Generated by org.testng.reporters.JUnitReportReporter -->
<testsuite hostname="DESKTOP-6KN58PQ" failures="0" tests="6" name="org.test.DependencyManagementEg" time="0.024" errors="0" timestamp="12 Sep 2023 10:50:07 GMT" skipped="0">
  <testcase classname="org.test.DependencyManagementEg" name="fbSignUp" time="0.007"/>
  <testcase classname="org.test.DependencyManagementEg" name="signedUp" time="0.007"/>
  <testcase classname="org.test.DependencyManagementEg" name="fbLogin" time="0.002"/>
  <testcase classname="org.test.DependencyManagementEg" name="userName" time="0.002"/>
  <testcase classname="org.test.DependencyManagementEg" name="pass" time="0.002"/>
  <testcase classname="org.test.DependencyManagementEg" name="fbHome" time="0.004"/>
</testsuite> <!-- org.test.DependencyManagementEg -->
