<?xml version="1.0" encoding="UTF-8"?>
<!-- Generated by org.testng.reporters.JUnitReportReporter -->
<testsuite hostname="DESKTOP-6KN58PQ" failures="0" tests="1" name="org.test.Test1" time="0.018" errors="0" timestamp="12 Sep 2023 06:28:34 GMT" skipped="0">
  <testcase classname="org.test.Test1" name="tc01" time="0.018"/>
</testsuite> <!-- org.test.Test1 -->
