<?xml version="1.0" encoding="UTF-8"?>
<!-- Generated by org.testng.reporters.JUnitReportReporter -->
<testsuite hostname="DESKTOP-6KN58PQ" failures="0" tests="2" name="org.test.Test2" time="0.002" errors="0" timestamp="12 Sep 2023 10:42:39 GMT" skipped="1">
  <testcase classname="org.test.Test2" name="zero" time="0.002"/>
  <testcase classname="org.test.Test2" name="start">
    <skipped/>
  </testcase> <!-- start -->
</testsuite> <!-- org.test.Test2 -->
