<?xml version="1.0" encoding="UTF-8"?>
<!-- Generated by org.testng.reporters.JUnitReportReporter -->
<testsuite hostname="DESKTOP-6KN58PQ" failures="0" tests="2" name="org.test.Assertionss" time="0.026" errors="0" timestamp="26 Mar 2024 09:28:27 GMT" skipped="0">
  <testcase classname="org.test.Assertionss" name="checkAssert1" time="0.022"/>
  <testcase classname="org.test.Assertionss" name="checkAssert2" time="0.004"/>
</testsuite> <!-- org.test.Assertionss -->
