<?xml version="1.0" encoding="UTF-8"?>
<!-- Generated by org.testng.reporters.JUnitReportReporter -->
<testsuite hostname="DESKTOP-6KN58PQ" failures="0" tests="4" name="org.demo.FbDemoDP" time="15.436" errors="0" timestamp="14 Sep 2023 11:33:26 GMT" skipped="0">
  <testcase classname="org.demo.FbDemoDP" name="launchFb" time="3.345"/>
  <testcase classname="org.demo.FbDemoDP" name="launchFb" time="5.521"/>
  <testcase classname="org.demo.FbDemoDP" name="launchFb" time="3.231"/>
  <testcase classname="org.demo.FbDemoDP" name="launchFb" time="3.339"/>
</testsuite> <!-- org.demo.FbDemoDP -->
