<?xml version="1.0" encoding="UTF-8"?>
<!-- Generated by org.testng.reporters.JUnitReportReporter -->
<testsuite hostname="DESKTOP-6KN58PQ" failures="0" tests="1" name="org.demo.JavaScrptScroll1" time="17.731" errors="0" timestamp="12 Oct 2023 07:06:34 GMT" skipped="0">
  <testcase classname="org.demo.JavaScrptScroll1" name="scrolDwn" time="17.731"/>
</testsuite> <!-- org.demo.JavaScrptScroll1 -->
