<?xml version="1.0" encoding="UTF-8"?>
<!-- Generated by org.testng.reporters.JUnitReportReporter -->
<testsuite hostname="DESKTOP-6KN58PQ" failures="0" tests="2" name="org.test.Annotations" time="0.029" errors="0" timestamp="23 Feb 2024 07:22:01 GMT" skipped="0">
  <testcase classname="org.test.Annotations" name="tc02" time="0.008"/>
  <testcase classname="org.test.Annotations" name="tc01" time="0.021"/>
</testsuite> <!-- org.test.Annotations -->
