<?xml version="1.0" encoding="UTF-8"?>
<!-- Generated by org.testng.reporters.JUnitReportReporter -->
<testsuite hostname="DESKTOP-6KN58PQ" failures="0" tests="2" name="org.demo.OrangeBase" time="4.422" errors="0" timestamp="14 Sep 2023 10:52:47 GMT" skipped="0">
  <testcase classname="org.demo.OrangeBase" name="launchBrowser" time="4.116"/>
  <testcase classname="org.demo.OrangeBase" name="launchOrange" time="0.306"/>
</testsuite> <!-- org.demo.OrangeBase -->
