<?xml version="1.0" encoding="UTF-8"?>
<!-- Generated by org.testng.reporters.JUnitReportReporter -->
<testsuite hostname="DESKTOP-6KN58PQ" failures="0" tests="1" name="lvl1.HTTPRequests" time="11.677" errors="0" timestamp="2024-01-30T15:44:42 IST" skipped="0">
  <testcase classname="lvl1.HTTPRequests" name="getUser" time="11.677"/>
  <system-out/>
</testsuite> <!-- lvl1.HTTPRequests -->
