<?xml version="1.0" encoding="UTF-8"?>
<!-- Generated by org.testng.reporters.JUnitReportReporter -->
<testsuite hostname="DESKTOP-6KN58PQ" failures="0" tests="3" name="org.sample.Browsers" time="17.867" errors="0" timestamp="2023-11-16T18:10:20 IST" skipped="0">
  <testcase classname="org.sample.Browsers" name="yahoo" time="4.509"/>
  <testcase classname="org.sample.Browsers" name="bing" time="7.006"/>
  <testcase classname="org.sample.Browsers" name="google" time="6.352"/>
</testsuite> <!-- org.sample.Browsers -->
