<?xml version="1.0" encoding="UTF-8"?>
<!-- Generated by org.testng.reporters.JUnitReportReporter -->
<testsuite hostname="DESKTOP-6KN58PQ" failures="0" tests="1" name="org.browsers.Yahoo" time="5.232" errors="0" timestamp="2023-11-16T18:21:40 IST" skipped="0">
  <testcase classname="org.browsers.Yahoo" name="yahoo" time="5.232"/>
</testsuite> <!-- org.browsers.Yahoo -->
