<?xml version="1.0" encoding="UTF-8"?>
<!-- Generated by org.testng.reporters.JUnitReportReporter -->
<testsuite hostname="DESKTOP-6KN58PQ" failures="0" tests="1" name="org.onlySe.InterviewTask" time="8.945" errors="0" timestamp="2023-11-20T11:35:06 IST" skipped="0">
  <testcase classname="org.onlySe.InterviewTask" name="googleForm" time="8.945"/>
</testsuite> <!-- org.onlySe.InterviewTask -->
