<?xml version="1.0" encoding="UTF-8"?>
<!-- Generated by org.testng.reporters.JUnitReportReporter -->
<testsuite hostname="DESKTOP-6KN58PQ" failures="0" tests="1" name="org.browsers.Bing" time="71.246" errors="0" timestamp="2023-11-17T12:26:26 IST" skipped="0">
  <testcase classname="org.browsers.Bing" name="bing" time="71.246"/>
</testsuite> <!-- org.browsers.Bing -->
